<?xml version="1.0" encoding="UTF-8"?>
<!-- Generated by org.testng.reporters.JUnitReportReporter -->
<testsuite hostname="CUP-MNL-L283" name="FrameWorkSample.EndToEndTest.LogIn" tests="1" failures="0" timestamp="27 Oct 2020 15:10:39 GMT" time="3.866" errors="0">
  <testcase name="loginTest" time="3.866" classname="FrameWorkSample.EndToEndTest.LogIn"/>
</testsuite> <!-- FrameWorkSample.EndToEndTest.LogIn -->
